<?xml version="1.0" encoding="UTF-8"?>
<!-- Generated by org.testng.reporters.JUnitXMLReporter -->
<testsuite ignored="0" hostname="ByteMe" failures="0" tests="2" name="Default test" time="12.514" errors="0" timestamp="2024-09-16T18:38:34 EDT">
  <testcase classname="automationproject.testcases.ErrorValidations" name="loginErrorValidation" time="0.6"/>
  <testcase classname="automationproject.testcases.ErrorValidations" name="loginErrorValidation" time="0.591"/>
</testsuite> <!-- Default test -->
