<?xml version="1.0" encoding="UTF-8"?>
<!-- Generated by org.testng.reporters.JUnitXMLReporter -->
<testsuite ignored="0" hostname="ByteMe" failures="0" tests="4" name="Order submission Test" time="46.805" errors="0" timestamp="2024-09-16T19:14:17 EDT">
  <testcase classname="automationproject.testcases.E2ETest1" name="purchasingProduct" time="8.345"/>
  <testcase classname="automationproject.testcases.E2ETest1" name="purchasingProduct" time="5.133"/>
  <testcase classname="automationproject.testcases.E2ETest1" name="orderHistory" time="0.955"/>
  <testcase classname="automationproject.testcases.E2ETest1" name="orderHistory" time="1.033"/>
</testsuite> <!-- Order submission Test -->
